{"contracts/__mocks__/MockNFT.sol":{"l":{"15":12,"16":12,"17":12,"18":12},"path":"/Users/shahafan/Development/Marketplace/contracts/__mocks__/MockNFT.sol","s":{"1":12,"2":12,"3":12,"4":12},"b":{},"f":{"1":1,"2":12},"fnMap":{"1":{"name":"constructor","line":10,"loc":{"start":{"line":10,"column":4},"end":{"line":12,"column":4}}},"2":{"name":"mint","line":14,"loc":{"start":{"line":14,"column":4},"end":{"line":19,"column":4}}}},"statementMap":{"1":{"start":{"line":15,"column":8},"end":{"line":15,"column":28}},"2":{"start":{"line":16,"column":8},"end":{"line":16,"column":47}},"3":{"start":{"line":17,"column":8},"end":{"line":17,"column":33}},"4":{"start":{"line":18,"column":8},"end":{"line":18,"column":24}}},"branchMap":{}},"contracts/__mocks__/MockNFT1155.sol":{"l":{"15":3,"16":3,"17":3,"23":3},"path":"/Users/shahafan/Development/Marketplace/contracts/__mocks__/MockNFT1155.sol","s":{"1":3,"2":3,"3":3,"4":3},"b":{},"f":{"1":1,"2":3},"fnMap":{"1":{"name":"constructor","line":10,"loc":{"start":{"line":10,"column":4},"end":{"line":12,"column":4}}},"2":{"name":"mint","line":14,"loc":{"start":{"line":14,"column":4},"end":{"line":24,"column":4}}}},"statementMap":{"1":{"start":{"line":15,"column":8},"end":{"line":15,"column":28}},"2":{"start":{"line":16,"column":8},"end":{"line":16,"column":47}},"3":{"start":{"line":17,"column":8},"end":{"line":17,"column":462}},"4":{"start":{"line":23,"column":8},"end":{"line":23,"column":24}}},"branchMap":{}},"contracts/__mocks__/MockWETH.sol":{"l":{"18":0,"21":4,"22":4,"25":0,"26":0,"27":0,"28":0,"32":0,"36":4,"37":4,"38":4,"42":0,"49":14,"51":14,"52":13,"53":13,"56":14,"57":14,"59":14,"61":14},"path":"/Users/shahafan/Development/Marketplace/contracts/__mocks__/MockWETH.sol","s":{"1":4,"2":0,"3":0,"4":0,"5":0,"6":4,"7":4,"8":0,"9":14,"10":14,"11":13,"12":14,"13":14},"b":{"1":[0,0],"2":[14,0],"3":[13,1],"4":[13,0]},"f":{"1":4,"2":0,"3":0,"4":4,"5":0,"6":14},"fnMap":{"1":{"name":"deposit","line":20,"loc":{"start":{"line":20,"column":4},"end":{"line":23,"column":4}}},"2":{"name":"withdraw","line":24,"loc":{"start":{"line":24,"column":4},"end":{"line":29,"column":4}}},"3":{"name":"totalSupply","line":31,"loc":{"start":{"line":31,"column":4},"end":{"line":33,"column":4}}},"4":{"name":"approve","line":35,"loc":{"start":{"line":35,"column":4},"end":{"line":39,"column":4}}},"5":{"name":"transfer","line":41,"loc":{"start":{"line":41,"column":4},"end":{"line":43,"column":4}}},"6":{"name":"transferFrom","line":45,"loc":{"start":{"line":45,"column":4},"end":{"line":62,"column":4}}}},"statementMap":{"1":{"start":{"line":22,"column":8},"end":{"line":22,"column":43}},"2":{"start":{"line":25,"column":8},"end":{"line":25,"column":44}},"3":{"start":{"line":27,"column":8},"end":{"line":27,"column":40}},"4":{"start":{"line":28,"column":8},"end":{"line":28,"column":40}},"5":{"start":{"line":32,"column":8},"end":{"line":32,"column":36}},"6":{"start":{"line":37,"column":8},"end":{"line":37,"column":43}},"7":{"start":{"line":38,"column":8},"end":{"line":38,"column":19}},"8":{"start":{"line":42,"column":8},"end":{"line":42,"column":49}},"9":{"start":{"line":49,"column":8},"end":{"line":49,"column":37}},"10":{"start":{"line":51,"column":8},"end":{"line":51,"column":1572}},"11":{"start":{"line":52,"column":12},"end":{"line":52,"column":53}},"12":{"start":{"line":59,"column":8},"end":{"line":59,"column":36}},"13":{"start":{"line":61,"column":8},"end":{"line":61,"column":19}}},"branchMap":{"1":{"line":25,"type":"if","locations":[{"start":{"line":25,"column":8},"end":{"line":25,"column":8}},{"start":{"line":25,"column":8},"end":{"line":25,"column":8}}]},"2":{"line":49,"type":"if","locations":[{"start":{"line":49,"column":8},"end":{"line":49,"column":8}},{"start":{"line":49,"column":8},"end":{"line":49,"column":8}}]},"3":{"line":51,"type":"if","locations":[{"start":{"line":51,"column":8},"end":{"line":51,"column":8}},{"start":{"line":51,"column":8},"end":{"line":51,"column":8}}]},"4":{"line":52,"type":"if","locations":[{"start":{"line":52,"column":12},"end":{"line":52,"column":12}},{"start":{"line":52,"column":12},"end":{"line":52,"column":12}}]}}},"contracts/AssetProxyRegistry.sol":{"l":{"27":4,"29":4,"30":4,"45":0,"53":60,"54":60,"56":60,"73":44,"76":44,"77":0,"81":44,"82":44,"85":44,"86":0,"89":44,"91":44,"92":34,"93":34,"96":44,"97":22,"98":0,"100":22,"103":22,"112":22,"115":22,"116":0},"path":"/Users/shahafan/Development/Marketplace/contracts/AssetProxyRegistry.sol","s":{"1":4,"2":4,"3":0,"4":60,"5":60,"6":60,"7":44,"8":44,"9":0,"10":44,"11":44,"12":44,"13":0,"14":44,"15":44,"16":34,"17":44,"18":22,"19":0,"20":22,"21":22,"22":22,"23":22,"24":0},"b":{"1":[4,0],"2":[44,0],"3":[0,44],"4":[0,44],"5":[34,10],"6":[22,22],"7":[0,22],"8":[0,22]},"f":{"1":4,"2":0,"3":60,"4":44},"fnMap":{"1":{"name":"registerAssetProxy","line":24,"loc":{"start":{"line":21,"column":4},"end":{"line":34,"column":4}}},"2":{"name":"getAssetProxy","line":39,"loc":{"start":{"line":39,"column":4},"end":{"line":46,"column":4}}},"3":{"name":"_isERC20Proxy","line":48,"loc":{"start":{"line":48,"column":4},"end":{"line":57,"column":4}}},"4":{"name":"_dispatchTransfer","line":64,"loc":{"start":{"line":64,"column":4},"end":{"line":120,"column":4}}}},"statementMap":{"1":{"start":{"line":27,"column":8},"end":{"line":27,"column":66}},"2":{"start":{"line":30,"column":8},"end":{"line":30,"column":945}},"3":{"start":{"line":45,"column":8},"end":{"line":45,"column":42}},"4":{"start":{"line":53,"column":8},"end":{"line":53,"column":53}},"5":{"start":{"line":54,"column":8},"end":{"line":54,"column":72}},"6":{"start":{"line":56,"column":8},"end":{"line":56,"column":43}},"7":{"start":{"line":73,"column":8},"end":{"line":73,"column":2255}},"8":{"start":{"line":76,"column":12},"end":{"line":76,"column":2392}},"9":{"start":{"line":77,"column":16},"end":{"line":77,"column":52}},"10":{"start":{"line":81,"column":12},"end":{"line":81,"column":57}},"11":{"start":{"line":82,"column":12},"end":{"line":82,"column":60}},"12":{"start":{"line":85,"column":12},"end":{"line":85,"column":2709}},"13":{"start":{"line":86,"column":16},"end":{"line":86,"column":45}},"14":{"start":{"line":89,"column":12},"end":{"line":89,"column":35}},"15":{"start":{"line":91,"column":12},"end":{"line":91,"column":2854}},"16":{"start":{"line":92,"column":16},"end":{"line":92,"column":68}},"17":{"start":{"line":96,"column":12},"end":{"line":96,"column":3079}},"18":{"start":{"line":97,"column":16},"end":{"line":97,"column":3117}},"19":{"start":{"line":98,"column":20},"end":{"line":98,"column":62}},"20":{"start":{"line":100,"column":16},"end":{"line":100,"column":43}},"21":{"start":{"line":103,"column":16},"end":{"line":103,"column":3391}},"22":{"start":{"line":112,"column":16},"end":{"line":112,"column":68}},"23":{"start":{"line":115,"column":16},"end":{"line":115,"column":3906}},"24":{"start":{"line":116,"column":20},"end":{"line":116,"column":57}}},"branchMap":{"1":{"line":24,"type":"if","locations":[{"start":{"line":24,"column":8},"end":{"line":24,"column":8}},{"start":{"line":24,"column":8},"end":{"line":24,"column":8}}]},"2":{"line":73,"type":"if","locations":[{"start":{"line":73,"column":8},"end":{"line":73,"column":8}},{"start":{"line":73,"column":8},"end":{"line":73,"column":8}}]},"3":{"line":76,"type":"if","locations":[{"start":{"line":76,"column":12},"end":{"line":76,"column":12}},{"start":{"line":76,"column":12},"end":{"line":76,"column":12}}]},"4":{"line":85,"type":"if","locations":[{"start":{"line":85,"column":12},"end":{"line":85,"column":12}},{"start":{"line":85,"column":12},"end":{"line":85,"column":12}}]},"5":{"line":91,"type":"if","locations":[{"start":{"line":91,"column":12},"end":{"line":91,"column":12}},{"start":{"line":91,"column":12},"end":{"line":91,"column":12}}]},"6":{"line":96,"type":"if","locations":[{"start":{"line":96,"column":12},"end":{"line":96,"column":12}},{"start":{"line":96,"column":12},"end":{"line":96,"column":12}}]},"7":{"line":97,"type":"if","locations":[{"start":{"line":97,"column":16},"end":{"line":97,"column":16}},{"start":{"line":97,"column":16},"end":{"line":97,"column":16}}]},"8":{"line":115,"type":"if","locations":[{"start":{"line":115,"column":16},"end":{"line":115,"column":16}},{"start":{"line":115,"column":16},"end":{"line":115,"column":16}}]}}},"contracts/Authorizable.sol":{"l":{"11":27,"15":27,"39":7,"44":7,"45":7,"46":7,"55":0,"60":0,"61":0,"62":0,"63":0,"64":0,"65":0,"68":0,"81":0,"85":0,"89":0,"94":0,"95":0,"96":0,"97":0,"107":0},"path":"/Users/shahafan/Development/Marketplace/contracts/Authorizable.sol","s":{"1":27,"2":7,"3":7,"4":7,"5":0,"6":0,"7":0,"8":0,"9":0,"10":0,"11":0,"12":0,"13":0},"b":{"1":[27,0],"2":[7,0],"3":[7,0],"4":[0,0],"5":[0,0],"6":[0,0],"7":[0,0],"8":[0,0],"9":[0,0],"10":[0,0]},"f":{"1":27,"2":7,"3":0,"4":0,"5":0},"fnMap":{"1":{"name":"onlyAuthorized","line":10,"loc":{"start":{"line":10,"column":4},"end":{"line":16,"column":4}}},"2":{"name":"addAuthorizedAddress","line":37,"loc":{"start":{"line":35,"column":4},"end":{"line":47,"column":4}}},"3":{"name":"removeAuthorizedAddress","line":53,"loc":{"start":{"line":51,"column":4},"end":{"line":69,"column":4}}},"4":{"name":"removeAuthorizedAddressAtIndex","line":79,"loc":{"start":{"line":74,"column":4},"end":{"line":98,"column":4}}},"5":{"name":"getAuthorizedAddresses","line":102,"loc":{"start":{"line":102,"column":4},"end":{"line":108,"column":4}}}},"statementMap":{"1":{"start":{"line":11,"column":8},"end":{"line":11,"column":246}},"2":{"start":{"line":39,"column":8},"end":{"line":39,"column":958}},"3":{"start":{"line":45,"column":8},"end":{"line":45,"column":31}},"4":{"start":{"line":46,"column":8},"end":{"line":46,"column":55}},"5":{"start":{"line":55,"column":8},"end":{"line":55,"column":1395}},"6":{"start":{"line":61,"column":8},"end":{"line":61,"column":1527}},"7":{"start":{"line":62,"column":12},"end":{"line":62,"column":1594}},"8":{"start":{"line":68,"column":8},"end":{"line":68,"column":57}},"9":{"start":{"line":81,"column":8},"end":{"line":81,"column":2174}},"10":{"start":{"line":85,"column":8},"end":{"line":85,"column":2270}},"11":{"start":{"line":89,"column":8},"end":{"line":89,"column":2372}},"12":{"start":{"line":97,"column":8},"end":{"line":97,"column":57}},"13":{"start":{"line":107,"column":8},"end":{"line":107,"column":26}}},"branchMap":{"1":{"line":11,"type":"if","locations":[{"start":{"line":11,"column":8},"end":{"line":11,"column":8}},{"start":{"line":11,"column":8},"end":{"line":11,"column":8}}]},"2":{"line":37,"type":"if","locations":[{"start":{"line":37,"column":8},"end":{"line":37,"column":8}},{"start":{"line":37,"column":8},"end":{"line":37,"column":8}}]},"3":{"line":39,"type":"if","locations":[{"start":{"line":39,"column":8},"end":{"line":39,"column":8}},{"start":{"line":39,"column":8},"end":{"line":39,"column":8}}]},"4":{"line":53,"type":"if","locations":[{"start":{"line":53,"column":8},"end":{"line":53,"column":8}},{"start":{"line":53,"column":8},"end":{"line":53,"column":8}}]},"5":{"line":55,"type":"if","locations":[{"start":{"line":55,"column":8},"end":{"line":55,"column":8}},{"start":{"line":55,"column":8},"end":{"line":55,"column":8}}]},"6":{"line":62,"type":"if","locations":[{"start":{"line":62,"column":12},"end":{"line":62,"column":12}},{"start":{"line":62,"column":12},"end":{"line":62,"column":12}}]},"7":{"line":79,"type":"if","locations":[{"start":{"line":79,"column":8},"end":{"line":79,"column":8}},{"start":{"line":79,"column":8},"end":{"line":79,"column":8}}]},"8":{"line":81,"type":"if","locations":[{"start":{"line":81,"column":8},"end":{"line":81,"column":8}},{"start":{"line":81,"column":8},"end":{"line":81,"column":8}}]},"9":{"line":85,"type":"if","locations":[{"start":{"line":85,"column":8},"end":{"line":85,"column":8}},{"start":{"line":85,"column":8},"end":{"line":85,"column":8}}]},"10":{"line":89,"type":"if","locations":[{"start":{"line":89,"column":8},"end":{"line":89,"column":8}},{"start":{"line":89,"column":8},"end":{"line":89,"column":8}}]}}},"contracts/EIP712Domain.sol":{"l":{"25":3},"path":"/Users/shahafan/Development/Marketplace/contracts/EIP712Domain.sol","s":{},"b":{},"f":{"1":3},"fnMap":{"1":{"name":"constructor","line":21,"loc":{"start":{"line":21,"column":4},"end":{"line":31,"column":4}}}},"statementMap":{},"branchMap":{}},"contracts/ERC1155Proxy.sol":{"l":{"39":3,"51":3,"52":3,"53":3,"58":3,"63":3,"80":2},"path":"/Users/shahafan/Development/Marketplace/contracts/ERC1155Proxy.sol","s":{"1":3,"2":3,"3":3,"4":3,"5":3,"6":2},"b":{"1":[3,0]},"f":{"1":3,"2":2},"fnMap":{"1":{"name":"transferFrom","line":34,"loc":{"start":{"line":26,"column":4},"end":{"line":70,"column":4}}},"2":{"name":"getProxyId","line":74,"loc":{"start":{"line":74,"column":4},"end":{"line":81,"column":4}}}},"statementMap":{"1":{"start":{"line":39,"column":8},"end":{"line":39,"column":1248}},"2":{"start":{"line":51,"column":8},"end":{"line":51,"column":38}},"3":{"start":{"line":52,"column":8},"end":{"line":52,"column":61}},"4":{"start":{"line":53,"column":8},"end":{"line":53,"column":1722}},"5":{"start":{"line":63,"column":8},"end":{"line":63,"column":2225}},"6":{"start":{"line":80,"column":8},"end":{"line":80,"column":23}}},"branchMap":{"1":{"line":34,"type":"if","locations":[{"start":{"line":34,"column":8},"end":{"line":34,"column":8}},{"start":{"line":34,"column":8},"end":{"line":34,"column":8}}]}}},"contracts/ERC20Proxy.sol":{"l":{"20":1,"24":0,"39":13,"46":13,"51":13,"66":2},"path":"/Users/shahafan/Development/Marketplace/contracts/ERC20Proxy.sol","s":{"1":13,"2":13,"3":13,"4":2},"b":{"1":[1,0],"2":[0,0],"3":[13,0],"4":[13,0]},"f":{"1":1,"2":0,"3":13,"4":2},"fnMap":{"1":{"name":"addToken","line":19,"loc":{"start":{"line":19,"column":4},"end":{"line":21,"column":4}}},"2":{"name":"removeToken","line":23,"loc":{"start":{"line":23,"column":4},"end":{"line":25,"column":4}}},"3":{"name":"transferFrom","line":35,"loc":{"start":{"line":27,"column":4},"end":{"line":56,"column":4}}},"4":{"name":"getProxyId","line":60,"loc":{"start":{"line":60,"column":4},"end":{"line":67,"column":4}}}},"statementMap":{"1":{"start":{"line":39,"column":8},"end":{"line":39,"column":941}},"2":{"start":{"line":46,"column":8},"end":{"line":46,"column":92}},"3":{"start":{"line":51,"column":8},"end":{"line":51,"column":1322}},"4":{"start":{"line":66,"column":8},"end":{"line":66,"column":23}}},"branchMap":{"1":{"line":19,"type":"if","locations":[{"start":{"line":19,"column":46},"end":{"line":19,"column":46}},{"start":{"line":19,"column":46},"end":{"line":19,"column":46}}]},"2":{"line":23,"type":"if","locations":[{"start":{"line":23,"column":49},"end":{"line":23,"column":49}},{"start":{"line":23,"column":49},"end":{"line":23,"column":49}}]},"3":{"line":35,"type":"if","locations":[{"start":{"line":35,"column":8},"end":{"line":35,"column":8}},{"start":{"line":35,"column":8},"end":{"line":35,"column":8}}]},"4":{"line":46,"type":"if","locations":[{"start":{"line":46,"column":8},"end":{"line":46,"column":8}},{"start":{"line":46,"column":8},"end":{"line":46,"column":8}}]}}},"contracts/ERC721Proxy.sol":{"l":{"28":9,"39":9,"54":2},"path":"/Users/shahafan/Development/Marketplace/contracts/ERC721Proxy.sol","s":{"1":9,"2":9,"3":2},"b":{"1":[9,0]},"f":{"1":9,"2":2},"fnMap":{"1":{"name":"transferFrom","line":24,"loc":{"start":{"line":16,"column":4},"end":{"line":44,"column":4}}},"2":{"name":"getProxyId","line":48,"loc":{"start":{"line":48,"column":4},"end":{"line":55,"column":4}}}},"statementMap":{"1":{"start":{"line":28,"column":8},"end":{"line":28,"column":679}},"2":{"start":{"line":39,"column":8},"end":{"line":39,"column":994}},"3":{"start":{"line":54,"column":8},"end":{"line":54,"column":23}}},"branchMap":{"1":{"line":24,"type":"if","locations":[{"start":{"line":24,"column":8},"end":{"line":24,"column":8}},{"start":{"line":24,"column":8},"end":{"line":24,"column":8}}]}}},"contracts/Exchange.sol":{"l":{"31":15,"56":2,"70":1,"80":1,"82":1,"83":1,"86":1,"87":0,"91":1,"92":1,"108":12,"112":1,"116":1,"117":1},"path":"/Users/shahafan/Development/Marketplace/contracts/Exchange.sol","s":{"1":15,"2":2,"3":1,"4":1,"5":1,"6":1,"7":1,"8":0,"9":1,"10":12,"11":1,"12":1,"13":1},"b":{"1":[15,0],"2":[2,0],"3":[0,1],"4":[1,0],"5":[1,0]},"f":{"1":3,"2":15,"3":2,"4":1,"5":1,"6":12,"7":1,"8":1},"fnMap":{"1":{"name":"constructor","line":14,"loc":{"start":{"line":14,"column":4},"end":{"line":14,"column":68}}},"2":{"name":"fillOrder","line":28,"loc":{"start":{"line":20,"column":4},"end":{"line":37,"column":4}}},"3":{"name":"fillOrderFor","line":53,"loc":{"start":{"line":44,"column":4},"end":{"line":62,"column":4}}},"4":{"name":"cancelOrder","line":66,"loc":{"start":{"line":66,"column":4},"end":{"line":71,"column":4}}},"5":{"name":"cancelOrdersUpTo","line":76,"loc":{"start":{"line":76,"column":4},"end":{"line":96,"column":4}}},"6":{"name":"getOrderInfo","line":102,"loc":{"start":{"line":102,"column":4},"end":{"line":109,"column":4}}},"7":{"name":"returnAllETHToOwner","line":111,"loc":{"start":{"line":111,"column":4},"end":{"line":113,"column":4}}},"8":{"name":"returnERC20ToOwner","line":115,"loc":{"start":{"line":115,"column":4},"end":{"line":118,"column":4}}}},"statementMap":{"1":{"start":{"line":31,"column":8},"end":{"line":31,"column":823}},"2":{"start":{"line":56,"column":8},"end":{"line":56,"column":1538}},"3":{"start":{"line":70,"column":8},"end":{"line":70,"column":26}},"4":{"start":{"line":80,"column":8},"end":{"line":80,"column":41}},"5":{"start":{"line":82,"column":8},"end":{"line":82,"column":52}},"6":{"start":{"line":83,"column":8},"end":{"line":83,"column":56}},"7":{"start":{"line":86,"column":8},"end":{"line":86,"column":2649}},"8":{"start":{"line":87,"column":12},"end":{"line":87,"column":48}},"9":{"start":{"line":92,"column":8},"end":{"line":92,"column":2837}},"10":{"start":{"line":108,"column":8},"end":{"line":108,"column":35}},"11":{"start":{"line":112,"column":8},"end":{"line":112,"column":58}},"12":{"start":{"line":116,"column":8},"end":{"line":116,"column":47}},"13":{"start":{"line":117,"column":8},"end":{"line":117,"column":96}}},"branchMap":{"1":{"line":28,"type":"if","locations":[{"start":{"line":28,"column":8},"end":{"line":28,"column":8}},{"start":{"line":28,"column":8},"end":{"line":28,"column":8}}]},"2":{"line":53,"type":"if","locations":[{"start":{"line":53,"column":8},"end":{"line":53,"column":8}},{"start":{"line":53,"column":8},"end":{"line":53,"column":8}}]},"3":{"line":86,"type":"if","locations":[{"start":{"line":86,"column":8},"end":{"line":86,"column":8}},{"start":{"line":86,"column":8},"end":{"line":86,"column":8}}]},"4":{"line":111,"type":"if","locations":[{"start":{"line":111,"column":52},"end":{"line":111,"column":52}},{"start":{"line":111,"column":52},"end":{"line":111,"column":52}}]},"5":{"line":115,"type":"if","locations":[{"start":{"line":115,"column":69},"end":{"line":115,"column":69}},{"start":{"line":115,"column":69},"end":{"line":115,"column":69}}]}}},"contracts/ExchangeCore.sol":{"l":{"52":17,"55":17,"62":9,"65":9,"67":9,"70":9,"77":9,"79":9,"90":9,"114":1,"117":1,"120":1,"121":0,"125":1,"140":1,"143":1,"165":17,"166":0,"169":17,"170":15,"171":15,"172":0,"176":17,"177":0,"180":17,"181":1,"182":0,"187":17,"188":8,"192":9,"193":0,"194":0,"199":9,"200":0,"201":0,"206":9,"212":0,"225":1,"226":0,"227":0,"232":1,"233":1,"234":0,"248":30,"250":30,"251":30,"253":30,"254":26,"256":2,"258":2,"260":0,"264":30,"265":0,"266":0,"270":30,"271":0,"272":0,"275":30,"276":0,"277":0,"280":30,"281":0,"282":0,"286":30,"287":2,"288":2,"292":28,"293":2,"294":2,"297":26,"298":5,"299":5,"303":21,"304":0,"305":0,"309":21,"310":21,"327":9,"328":9,"329":9,"330":9,"331":9,"332":9,"334":9,"335":7,"336":7,"337":7,"338":7,"339":7,"340":7,"343":9,"344":2,"345":2,"346":2,"347":2,"348":2,"349":2,"350":2,"355":9,"356":9,"357":9,"358":1,"359":1,"361":8,"362":8,"365":9,"366":9,"367":9,"368":9,"376":9,"385":9,"386":8,"387":8,"396":9,"404":9,"411":9},"path":"/Users/shahafan/Development/Marketplace/contracts/ExchangeCore.sol","s":{"1":17,"2":17,"3":9,"4":9,"5":9,"6":9,"7":9,"8":9,"9":1,"10":1,"11":1,"12":0,"13":1,"14":1,"15":17,"16":0,"17":17,"18":15,"19":15,"20":0,"21":17,"22":0,"23":17,"24":1,"25":0,"26":17,"27":8,"28":9,"29":0,"30":0,"31":9,"32":0,"33":0,"34":9,"35":0,"36":1,"37":0,"38":0,"39":1,"40":1,"41":0,"42":30,"43":30,"44":30,"45":4,"46":2,"47":30,"48":0,"49":30,"50":0,"51":30,"52":0,"53":30,"54":0,"55":30,"56":2,"57":28,"58":2,"59":26,"60":5,"61":21,"62":0,"63":21,"64":9,"65":9,"66":9,"67":9,"68":9,"69":9,"70":9,"71":9,"72":9,"73":9,"74":9,"75":8,"76":9,"77":9,"78":9,"79":9,"80":8,"81":9,"82":9,"83":9},"b":{"1":[0,1],"2":[0,17],"3":[15,2],"4":[0,15],"5":[0,17],"6":[1,16],"7":[0,1],"8":[8,9],"9":[0,9],"10":[0,0],"11":[0,9],"12":[0,0],"13":[0,9],"14":[0,1],"15":[0,0],"16":[0,1],"17":[26,4],"18":[2,2],"19":[2,0],"20":[0,30],"21":[0,30],"22":[0,30],"23":[0,30],"24":[2,28],"25":[2,26],"26":[5,21],"27":[0,21],"28":[7,2],"29":[2,7],"30":[1,1],"31":[9,0],"32":[1,8],"33":[8,0],"34":[9,0],"35":[8,1]},"f":{"1":17,"2":9,"3":1,"4":1,"5":17,"6":1,"7":30,"8":9},"fnMap":{"1":{"name":"_fillOrder","line":42,"loc":{"start":{"line":42,"column":4},"end":{"line":80,"column":4}}},"2":{"name":"_notifyFill","line":82,"loc":{"start":{"line":82,"column":4},"end":{"line":105,"column":4}}},"3":{"name":"_cancelOrder","line":110,"loc":{"start":{"line":110,"column":4},"end":{"line":126,"column":4}}},"4":{"name":"_updateCancelledState","line":133,"loc":{"start":{"line":133,"column":4},"end":{"line":150,"column":4}}},"5":{"name":"_assertFillable","line":157,"loc":{"start":{"line":157,"column":4},"end":{"line":214,"column":4}}},"6":{"name":"_assertValidCancel","line":218,"loc":{"start":{"line":218,"column":4},"end":{"line":236,"column":4}}},"7":{"name":"_getOrderInfo","line":242,"loc":{"start":{"line":242,"column":4},"end":{"line":311,"column":4}}},"8":{"name":"_settle","line":318,"loc":{"start":{"line":318,"column":4},"end":{"line":413,"column":4}}}},"statementMap":{"1":{"start":{"line":52,"column":8},"end":{"line":52,"column":66}},"2":{"start":{"line":55,"column":8},"end":{"line":55,"column":1777}},"3":{"start":{"line":62,"column":8},"end":{"line":62,"column":47}},"4":{"start":{"line":67,"column":8},"end":{"line":67,"column":76}},"5":{"start":{"line":70,"column":8},"end":{"line":70,"column":2117}},"6":{"start":{"line":77,"column":8},"end":{"line":77,"column":102}},"7":{"start":{"line":79,"column":8},"end":{"line":79,"column":32}},"8":{"start":{"line":90,"column":8},"end":{"line":90,"column":2669}},"9":{"start":{"line":114,"column":8},"end":{"line":114,"column":66}},"10":{"start":{"line":117,"column":8},"end":{"line":117,"column":32}},"11":{"start":{"line":120,"column":8},"end":{"line":120,"column":3629}},"12":{"start":{"line":121,"column":12},"end":{"line":121,"column":18}},"13":{"start":{"line":125,"column":8},"end":{"line":125,"column":56}},"14":{"start":{"line":143,"column":8},"end":{"line":143,"column":4333}},"15":{"start":{"line":165,"column":8},"end":{"line":165,"column":5030}},"16":{"start":{"line":166,"column":12},"end":{"line":166,"column":43}},"17":{"start":{"line":169,"column":8},"end":{"line":169,"column":5152}},"18":{"start":{"line":170,"column":12},"end":{"line":170,"column":75}},"19":{"start":{"line":171,"column":12},"end":{"line":171,"column":5299}},"20":{"start":{"line":172,"column":16},"end":{"line":172,"column":51}},"21":{"start":{"line":176,"column":8},"end":{"line":176,"column":5459}},"22":{"start":{"line":177,"column":12},"end":{"line":177,"column":71}},"23":{"start":{"line":180,"column":8},"end":{"line":180,"column":5636}},"24":{"start":{"line":181,"column":12},"end":{"line":181,"column":5706}},"25":{"start":{"line":182,"column":16},"end":{"line":182,"column":51}},"26":{"start":{"line":187,"column":8},"end":{"line":187,"column":5891}},"27":{"start":{"line":188,"column":12},"end":{"line":188,"column":50}},"28":{"start":{"line":192,"column":8},"end":{"line":192,"column":6082}},"29":{"start":{"line":193,"column":12},"end":{"line":193,"column":6139}},"30":{"start":{"line":194,"column":16},"end":{"line":194,"column":49}},"31":{"start":{"line":199,"column":8},"end":{"line":199,"column":6317}},"32":{"start":{"line":200,"column":12},"end":{"line":200,"column":6373}},"33":{"start":{"line":201,"column":16},"end":{"line":201,"column":48}},"34":{"start":{"line":206,"column":8},"end":{"line":206,"column":6525}},"35":{"start":{"line":212,"column":12},"end":{"line":212,"column":48}},"36":{"start":{"line":225,"column":8},"end":{"line":225,"column":7026}},"37":{"start":{"line":226,"column":12},"end":{"line":226,"column":7083}},"38":{"start":{"line":227,"column":16},"end":{"line":227,"column":49}},"39":{"start":{"line":232,"column":8},"end":{"line":232,"column":41}},"40":{"start":{"line":233,"column":8},"end":{"line":233,"column":7296}},"41":{"start":{"line":234,"column":12},"end":{"line":234,"column":44}},"42":{"start":{"line":250,"column":8},"end":{"line":250,"column":72}},"43":{"start":{"line":251,"column":8},"end":{"line":251,"column":72}},"44":{"start":{"line":253,"column":8},"end":{"line":253,"column":8075}},"45":{"start":{"line":255,"column":15},"end":{"line":255,"column":8204}},"46":{"start":{"line":257,"column":15},"end":{"line":257,"column":8334}},"47":{"start":{"line":264,"column":8},"end":{"line":264,"column":8613}},"48":{"start":{"line":266,"column":12},"end":{"line":266,"column":28}},"49":{"start":{"line":270,"column":8},"end":{"line":270,"column":8848}},"50":{"start":{"line":272,"column":12},"end":{"line":272,"column":28}},"51":{"start":{"line":275,"column":8},"end":{"line":275,"column":9017}},"52":{"start":{"line":277,"column":12},"end":{"line":277,"column":28}},"53":{"start":{"line":280,"column":8},"end":{"line":280,"column":9246}},"54":{"start":{"line":282,"column":12},"end":{"line":282,"column":28}},"55":{"start":{"line":286,"column":8},"end":{"line":286,"column":9518}},"56":{"start":{"line":288,"column":12},"end":{"line":288,"column":28}},"57":{"start":{"line":292,"column":8},"end":{"line":292,"column":9712}},"58":{"start":{"line":294,"column":12},"end":{"line":294,"column":28}},"59":{"start":{"line":297,"column":8},"end":{"line":297,"column":9867}},"60":{"start":{"line":299,"column":12},"end":{"line":299,"column":28}},"61":{"start":{"line":303,"column":8},"end":{"line":303,"column":10072}},"62":{"start":{"line":305,"column":12},"end":{"line":305,"column":28}},"63":{"start":{"line":310,"column":8},"end":{"line":310,"column":24}},"64":{"start":{"line":327,"column":8},"end":{"line":327,"column":35}},"65":{"start":{"line":328,"column":8},"end":{"line":328,"column":36}},"66":{"start":{"line":329,"column":8},"end":{"line":329,"column":28}},"67":{"start":{"line":330,"column":8},"end":{"line":330,"column":29}},"68":{"start":{"line":331,"column":8},"end":{"line":331,"column":28}},"69":{"start":{"line":332,"column":8},"end":{"line":332,"column":28}},"70":{"start":{"line":334,"column":8},"end":{"line":334,"column":11132}},"71":{"start":{"line":343,"column":8},"end":{"line":343,"column":11497}},"72":{"start":{"line":355,"column":8},"end":{"line":355,"column":11984}},"73":{"start":{"line":356,"column":12},"end":{"line":356,"column":59}},"74":{"start":{"line":357,"column":12},"end":{"line":357,"column":12103}},"75":{"start":{"line":360,"column":19},"end":{"line":360,"column":12364}},"76":{"start":{"line":365,"column":12},"end":{"line":365,"column":12566}},"77":{"start":{"line":368,"column":16},"end":{"line":368,"column":12867}},"78":{"start":{"line":376,"column":12},"end":{"line":376,"column":13082}},"79":{"start":{"line":385,"column":8},"end":{"line":385,"column":13287}},"80":{"start":{"line":387,"column":12},"end":{"line":387,"column":13445}},"81":{"start":{"line":396,"column":8},"end":{"line":396,"column":13665}},"82":{"start":{"line":404,"column":8},"end":{"line":404,"column":13861}},"83":{"start":{"line":411,"column":8},"end":{"line":411,"column":44}}},"branchMap":{"1":{"line":120,"type":"if","locations":[{"start":{"line":120,"column":8},"end":{"line":120,"column":8}},{"start":{"line":120,"column":8},"end":{"line":120,"column":8}}]},"2":{"line":165,"type":"if","locations":[{"start":{"line":165,"column":8},"end":{"line":165,"column":8}},{"start":{"line":165,"column":8},"end":{"line":165,"column":8}}]},"3":{"line":169,"type":"if","locations":[{"start":{"line":169,"column":8},"end":{"line":169,"column":8}},{"start":{"line":169,"column":8},"end":{"line":169,"column":8}}]},"4":{"line":171,"type":"if","locations":[{"start":{"line":171,"column":12},"end":{"line":171,"column":12}},{"start":{"line":171,"column":12},"end":{"line":171,"column":12}}]},"5":{"line":176,"type":"if","locations":[{"start":{"line":176,"column":8},"end":{"line":176,"column":8}},{"start":{"line":176,"column":8},"end":{"line":176,"column":8}}]},"6":{"line":180,"type":"if","locations":[{"start":{"line":180,"column":8},"end":{"line":180,"column":8}},{"start":{"line":180,"column":8},"end":{"line":180,"column":8}}]},"7":{"line":181,"type":"if","locations":[{"start":{"line":181,"column":12},"end":{"line":181,"column":12}},{"start":{"line":181,"column":12},"end":{"line":181,"column":12}}]},"8":{"line":187,"type":"if","locations":[{"start":{"line":187,"column":8},"end":{"line":187,"column":8}},{"start":{"line":187,"column":8},"end":{"line":187,"column":8}}]},"9":{"line":192,"type":"if","locations":[{"start":{"line":192,"column":8},"end":{"line":192,"column":8}},{"start":{"line":192,"column":8},"end":{"line":192,"column":8}}]},"10":{"line":193,"type":"if","locations":[{"start":{"line":193,"column":12},"end":{"line":193,"column":12}},{"start":{"line":193,"column":12},"end":{"line":193,"column":12}}]},"11":{"line":199,"type":"if","locations":[{"start":{"line":199,"column":8},"end":{"line":199,"column":8}},{"start":{"line":199,"column":8},"end":{"line":199,"column":8}}]},"12":{"line":200,"type":"if","locations":[{"start":{"line":200,"column":12},"end":{"line":200,"column":12}},{"start":{"line":200,"column":12},"end":{"line":200,"column":12}}]},"13":{"line":206,"type":"if","locations":[{"start":{"line":206,"column":8},"end":{"line":206,"column":8}},{"start":{"line":206,"column":8},"end":{"line":206,"column":8}}]},"14":{"line":225,"type":"if","locations":[{"start":{"line":225,"column":8},"end":{"line":225,"column":8}},{"start":{"line":225,"column":8},"end":{"line":225,"column":8}}]},"15":{"line":226,"type":"if","locations":[{"start":{"line":226,"column":12},"end":{"line":226,"column":12}},{"start":{"line":226,"column":12},"end":{"line":226,"column":12}}]},"16":{"line":233,"type":"if","locations":[{"start":{"line":233,"column":8},"end":{"line":233,"column":8}},{"start":{"line":233,"column":8},"end":{"line":233,"column":8}}]},"17":{"line":253,"type":"if","locations":[{"start":{"line":253,"column":8},"end":{"line":253,"column":8}},{"start":{"line":253,"column":8},"end":{"line":253,"column":8}}]},"18":{"line":255,"type":"if","locations":[{"start":{"line":255,"column":15},"end":{"line":255,"column":15}},{"start":{"line":255,"column":15},"end":{"line":255,"column":15}}]},"19":{"line":257,"type":"if","locations":[{"start":{"line":257,"column":15},"end":{"line":257,"column":15}},{"start":{"line":257,"column":15},"end":{"line":257,"column":15}}]},"20":{"line":264,"type":"if","locations":[{"start":{"line":264,"column":8},"end":{"line":264,"column":8}},{"start":{"line":264,"column":8},"end":{"line":264,"column":8}}]},"21":{"line":270,"type":"if","locations":[{"start":{"line":270,"column":8},"end":{"line":270,"column":8}},{"start":{"line":270,"column":8},"end":{"line":270,"column":8}}]},"22":{"line":275,"type":"if","locations":[{"start":{"line":275,"column":8},"end":{"line":275,"column":8}},{"start":{"line":275,"column":8},"end":{"line":275,"column":8}}]},"23":{"line":280,"type":"if","locations":[{"start":{"line":280,"column":8},"end":{"line":280,"column":8}},{"start":{"line":280,"column":8},"end":{"line":280,"column":8}}]},"24":{"line":286,"type":"if","locations":[{"start":{"line":286,"column":8},"end":{"line":286,"column":8}},{"start":{"line":286,"column":8},"end":{"line":286,"column":8}}]},"25":{"line":292,"type":"if","locations":[{"start":{"line":292,"column":8},"end":{"line":292,"column":8}},{"start":{"line":292,"column":8},"end":{"line":292,"column":8}}]},"26":{"line":297,"type":"if","locations":[{"start":{"line":297,"column":8},"end":{"line":297,"column":8}},{"start":{"line":297,"column":8},"end":{"line":297,"column":8}}]},"27":{"line":303,"type":"if","locations":[{"start":{"line":303,"column":8},"end":{"line":303,"column":8}},{"start":{"line":303,"column":8},"end":{"line":303,"column":8}}]},"28":{"line":334,"type":"if","locations":[{"start":{"line":334,"column":8},"end":{"line":334,"column":8}},{"start":{"line":334,"column":8},"end":{"line":334,"column":8}}]},"29":{"line":343,"type":"if","locations":[{"start":{"line":343,"column":8},"end":{"line":343,"column":8}},{"start":{"line":343,"column":8},"end":{"line":343,"column":8}}]},"30":{"line":343,"type":"cond-expr","locations":[{"start":{"line":343,"column":12},"end":{"line":343,"column":58}},{"start":{"line":343,"column":63},"end":{"line":343,"column":108}}]},"31":{"line":355,"type":"if","locations":[{"start":{"line":355,"column":8},"end":{"line":355,"column":8}},{"start":{"line":355,"column":8},"end":{"line":355,"column":8}}]},"32":{"line":357,"type":"if","locations":[{"start":{"line":357,"column":12},"end":{"line":357,"column":12}},{"start":{"line":357,"column":12},"end":{"line":357,"column":12}}]},"33":{"line":360,"type":"if","locations":[{"start":{"line":360,"column":19},"end":{"line":360,"column":19}},{"start":{"line":360,"column":19},"end":{"line":360,"column":19}}]},"34":{"line":365,"type":"if","locations":[{"start":{"line":365,"column":12},"end":{"line":365,"column":12}},{"start":{"line":365,"column":12},"end":{"line":365,"column":12}}]},"35":{"line":385,"type":"if","locations":[{"start":{"line":385,"column":8},"end":{"line":385,"column":8}},{"start":{"line":385,"column":8},"end":{"line":385,"column":8}}]}}},"contracts/interfaces/IAssetData.sol":{"l":{},"path":"/Users/shahafan/Development/Marketplace/contracts/interfaces/IAssetData.sol","s":{},"b":{},"f":{},"fnMap":{},"statementMap":{},"branchMap":{}},"contracts/interfaces/IAssetProxy.sol":{"l":{},"path":"/Users/shahafan/Development/Marketplace/contracts/interfaces/IAssetProxy.sol","s":{},"b":{},"f":{},"fnMap":{},"statementMap":{},"branchMap":{}},"contracts/interfaces/IAssetProxyRegistry.sol":{"l":{},"path":"/Users/shahafan/Development/Marketplace/contracts/interfaces/IAssetProxyRegistry.sol","s":{},"b":{},"f":{},"fnMap":{},"statementMap":{},"branchMap":{}},"contracts/interfaces/IAuthorizable.sol":{"l":{},"path":"/Users/shahafan/Development/Marketplace/contracts/interfaces/IAuthorizable.sol","s":{},"b":{},"f":{},"fnMap":{},"statementMap":{},"branchMap":{}},"contracts/interfaces/IExchangeCore.sol":{"l":{},"path":"/Users/shahafan/Development/Marketplace/contracts/interfaces/IExchangeCore.sol","s":{},"b":{},"f":{},"fnMap":{},"statementMap":{},"branchMap":{}},"contracts/interfaces/IProtocolFees.sol":{"l":{},"path":"/Users/shahafan/Development/Marketplace/contracts/interfaces/IProtocolFees.sol","s":{},"b":{},"f":{},"fnMap":{},"statementMap":{},"branchMap":{}},"contracts/interfaces/ISignatureValidator.sol":{"l":{},"path":"/Users/shahafan/Development/Marketplace/contracts/interfaces/ISignatureValidator.sol","s":{},"b":{},"f":{},"fnMap":{},"statementMap":{},"branchMap":{}},"contracts/libs/LibAssetData.sol":{"l":{"21":10,"23":10,"30":10,"41":12,"42":12,"57":0,"59":0,"64":0,"65":0,"77":12,"82":12,"99":0,"101":0,"106":0,"107":0,"108":0,"127":3,"134":3,"157":0,"159":0,"164":0,"177":0,"195":2,"200":2,"218":0,"220":0,"226":0},"path":"/Users/shahafan/Development/Marketplace/contracts/libs/LibAssetData.sol","s":{"1":10,"2":10,"3":12,"4":0,"5":0,"6":12,"7":0,"8":0,"9":3,"10":0,"11":0,"12":2,"13":0},"b":{"1":[10,0],"2":[10,0],"3":[0,0],"4":[0,0],"5":[0,0],"6":[0,0],"7":[0,0],"8":[0,0]},"f":{"1":10,"2":12,"3":0,"4":12,"5":0,"6":3,"7":0,"8":2,"9":0},"fnMap":{"1":{"name":"decodeAssetProxyId","line":14,"loc":{"start":{"line":14,"column":4},"end":{"line":31,"column":4}}},"2":{"name":"encodeERC20AssetData","line":36,"loc":{"start":{"line":36,"column":4},"end":{"line":43,"column":4}}},"3":{"name":"decodeERC20AssetData","line":49,"loc":{"start":{"line":49,"column":4},"end":{"line":66,"column":4}}},"4":{"name":"encodeERC721AssetData","line":72,"loc":{"start":{"line":72,"column":4},"end":{"line":83,"column":4}}},"5":{"name":"decodeERC721AssetData","line":90,"loc":{"start":{"line":90,"column":4},"end":{"line":109,"column":4}}},"6":{"name":"encodeERC1155AssetData","line":117,"loc":{"start":{"line":117,"column":4},"end":{"line":135,"column":4}}},"7":{"name":"decodeERC1155AssetData","line":146,"loc":{"start":{"line":146,"column":4},"end":{"line":184,"column":4}}},"8":{"name":"encodeMultiAssetData","line":190,"loc":{"start":{"line":190,"column":4},"end":{"line":201,"column":4}}},"9":{"name":"decodeMultiAssetData","line":209,"loc":{"start":{"line":209,"column":4},"end":{"line":230,"column":4}}}},"statementMap":{"1":{"start":{"line":23,"column":8},"end":{"line":23,"column":577}},"2":{"start":{"line":30,"column":8},"end":{"line":30,"column":27}},"3":{"start":{"line":42,"column":8},"end":{"line":42,"column":24}},"4":{"start":{"line":59,"column":8},"end":{"line":59,"column":2071}},"5":{"start":{"line":65,"column":8},"end":{"line":65,"column":43}},"6":{"start":{"line":82,"column":8},"end":{"line":82,"column":24}},"7":{"start":{"line":101,"column":8},"end":{"line":101,"column":3661}},"8":{"start":{"line":108,"column":8},"end":{"line":108,"column":52}},"9":{"start":{"line":134,"column":8},"end":{"line":134,"column":24}},"10":{"start":{"line":159,"column":8},"end":{"line":159,"column":6049}},"11":{"start":{"line":177,"column":8},"end":{"line":177,"column":6785}},"12":{"start":{"line":200,"column":8},"end":{"line":200,"column":24}},"13":{"start":{"line":220,"column":8},"end":{"line":220,"column":8416}}},"branchMap":{"1":{"line":23,"type":"if","locations":[{"start":{"line":23,"column":8},"end":{"line":23,"column":8}},{"start":{"line":23,"column":8},"end":{"line":23,"column":8}}]},"2":{"line":24,"type":"cond-expr","locations":[{"start":{"line":24,"column":12},"end":{"line":24,"column":69}},{"start":{"line":25,"column":12},"end":{"line":25,"column":70}}]},"3":{"line":24,"type":"cond-expr","locations":[{"start":{"line":24,"column":12},"end":{"line":25,"column":70}},{"start":{"line":26,"column":12},"end":{"line":26,"column":72}}]},"4":{"line":24,"type":"cond-expr","locations":[{"start":{"line":24,"column":12},"end":{"line":26,"column":72}},{"start":{"line":27,"column":12},"end":{"line":27,"column":69}}]},"5":{"line":59,"type":"if","locations":[{"start":{"line":59,"column":8},"end":{"line":59,"column":8}},{"start":{"line":59,"column":8},"end":{"line":59,"column":8}}]},"6":{"line":101,"type":"if","locations":[{"start":{"line":101,"column":8},"end":{"line":101,"column":8}},{"start":{"line":101,"column":8},"end":{"line":101,"column":8}}]},"7":{"line":159,"type":"if","locations":[{"start":{"line":159,"column":8},"end":{"line":159,"column":8}},{"start":{"line":159,"column":8},"end":{"line":159,"column":8}}]},"8":{"line":220,"type":"if","locations":[{"start":{"line":220,"column":8},"end":{"line":220,"column":8}},{"start":{"line":220,"column":8},"end":{"line":220,"column":8}}]}}},"contracts/libs/LibBytes.sol":{"l":{"25":25,"26":0,"28":25,"29":0,"33":25,"37":25,"52":49,"53":0,"59":49,"62":49,"68":49,"83":42,"84":0,"88":42,"91":42,"94":42,"109":0,"110":0,"125":114,"126":0,"130":114,"133":114,"139":114},"path":"/Users/shahafan/Development/Marketplace/contracts/libs/LibBytes.sol","s":{"1":25,"2":0,"3":25,"4":0,"5":25,"6":49,"7":0,"8":49,"9":42,"10":0,"11":42,"12":0,"13":114,"14":0,"15":114},"b":{"1":[0,25],"2":[0,25],"3":[0,49],"4":[0,42],"5":[0,114]},"f":{"1":25,"2":49,"3":42,"4":0,"5":114},"fnMap":{"1":{"name":"sliceDestructive","line":14,"loc":{"start":{"line":14,"column":4},"end":{"line":38,"column":4}}},"2":{"name":"readAddress","line":44,"loc":{"start":{"line":44,"column":4},"end":{"line":69,"column":4}}},"3":{"name":"readBytes32","line":75,"loc":{"start":{"line":75,"column":4},"end":{"line":95,"column":4}}},"4":{"name":"readUint256","line":101,"loc":{"start":{"line":101,"column":4},"end":{"line":111,"column":4}}},"5":{"name":"readBytes4","line":117,"loc":{"start":{"line":117,"column":4},"end":{"line":140,"column":4}}}},"statementMap":{"1":{"start":{"line":25,"column":8},"end":{"line":25,"column":884}},"2":{"start":{"line":26,"column":12},"end":{"line":26,"column":68}},"3":{"start":{"line":28,"column":8},"end":{"line":28,"column":990}},"4":{"start":{"line":29,"column":12},"end":{"line":29,"column":70}},"5":{"start":{"line":37,"column":8},"end":{"line":37,"column":21}},"6":{"start":{"line":52,"column":8},"end":{"line":52,"column":1669}},"7":{"start":{"line":53,"column":12},"end":{"line":53,"column":77}},"8":{"start":{"line":68,"column":8},"end":{"line":68,"column":21}},"9":{"start":{"line":83,"column":8},"end":{"line":83,"column":2780}},"10":{"start":{"line":84,"column":12},"end":{"line":84,"column":81}},"11":{"start":{"line":94,"column":8},"end":{"line":94,"column":21}},"12":{"start":{"line":110,"column":8},"end":{"line":110,"column":21}},"13":{"start":{"line":125,"column":8},"end":{"line":125,"column":3994}},"14":{"start":{"line":126,"column":12},"end":{"line":126,"column":75}},"15":{"start":{"line":139,"column":8},"end":{"line":139,"column":21}}},"branchMap":{"1":{"line":25,"type":"if","locations":[{"start":{"line":25,"column":8},"end":{"line":25,"column":8}},{"start":{"line":25,"column":8},"end":{"line":25,"column":8}}]},"2":{"line":28,"type":"if","locations":[{"start":{"line":28,"column":8},"end":{"line":28,"column":8}},{"start":{"line":28,"column":8},"end":{"line":28,"column":8}}]},"3":{"line":52,"type":"if","locations":[{"start":{"line":52,"column":8},"end":{"line":52,"column":8}},{"start":{"line":52,"column":8},"end":{"line":52,"column":8}}]},"4":{"line":83,"type":"if","locations":[{"start":{"line":83,"column":8},"end":{"line":83,"column":8}},{"start":{"line":83,"column":8},"end":{"line":83,"column":8}}]},"5":{"line":125,"type":"if","locations":[{"start":{"line":125,"column":8},"end":{"line":125,"column":8}},{"start":{"line":125,"column":8},"end":{"line":125,"column":8}}]}}},"contracts/libs/LibEIP712.sol":{"l":{"32":3,"43":3,"61":3,"81":30,"92":30},"path":"/Users/shahafan/Development/Marketplace/contracts/libs/LibEIP712.sol","s":{"1":3,"2":3,"3":30},"b":{},"f":{"1":3,"2":30},"fnMap":{"1":{"name":"hashDomain","line":22,"loc":{"start":{"line":22,"column":4},"end":{"line":62,"column":4}}},"2":{"name":"hashMessage","line":69,"loc":{"start":{"line":69,"column":4},"end":{"line":93,"column":4}}}},"statementMap":{"1":{"start":{"line":32,"column":8},"end":{"line":32,"column":40}},"2":{"start":{"line":61,"column":8},"end":{"line":61,"column":21}},"3":{"start":{"line":92,"column":8},"end":{"line":92,"column":21}}},"branchMap":{}},"contracts/libs/LibOrder.sol":{"l":{"82":30,"86":30,"97":30,"98":30,"99":30,"117":30,"144":30},"path":"/Users/shahafan/Development/Marketplace/contracts/libs/LibOrder.sol","s":{"1":30,"2":30,"3":30,"4":30,"5":30},"b":{},"f":{"1":30,"2":30},"fnMap":{"1":{"name":"getTypedDataHash","line":77,"loc":{"start":{"line":77,"column":4},"end":{"line":87,"column":4}}},"2":{"name":"getStructHash","line":92,"loc":{"start":{"line":92,"column":4},"end":{"line":145,"column":4}}}},"statementMap":{"1":{"start":{"line":86,"column":8},"end":{"line":86,"column":24}},"2":{"start":{"line":97,"column":8},"end":{"line":97,"column":54}},"3":{"start":{"line":98,"column":8},"end":{"line":98,"column":58}},"4":{"start":{"line":99,"column":8},"end":{"line":99,"column":58}},"5":{"start":{"line":144,"column":8},"end":{"line":144,"column":21}}},"branchMap":{}},"contracts/MarketplaceRegistry.sol":{"l":{"24":0,"28":1,"29":1,"30":1,"37":0,"38":0,"46":0,"47":0,"48":0,"49":0},"path":"/Users/shahafan/Development/Marketplace/contracts/MarketplaceRegistry.sol","s":{"1":1,"2":1,"3":0,"4":0,"5":0},"b":{"1":[0,0],"2":[1,0],"3":[1,0],"4":[0,0],"5":[0,0],"6":[0,0]},"f":{"1":0,"2":1,"3":0,"4":0},"fnMap":{"1":{"name":"marketplaceDistribution","line":22,"loc":{"start":{"line":20,"column":4},"end":{"line":25,"column":4}}},"2":{"name":"registerMarketplace","line":27,"loc":{"start":{"line":27,"column":4},"end":{"line":31,"column":4}}},"3":{"name":"setMarketplaceStatus","line":35,"loc":{"start":{"line":33,"column":4},"end":{"line":39,"column":4}}},"4":{"name":"setMarketplaceFees","line":45,"loc":{"start":{"line":41,"column":4},"end":{"line":50,"column":4}}}},"statementMap":{"1":{"start":{"line":28,"column":8},"end":{"line":28,"column":78}},"2":{"start":{"line":30,"column":8},"end":{"line":30,"column":73}},"3":{"start":{"line":38,"column":8},"end":{"line":38,"column":58}},"4":{"start":{"line":46,"column":8},"end":{"line":46,"column":78}},"5":{"start":{"line":49,"column":8},"end":{"line":49,"column":72}}},"branchMap":{"1":{"line":22,"type":"if","locations":[{"start":{"line":22,"column":8},"end":{"line":22,"column":8}},{"start":{"line":22,"column":8},"end":{"line":22,"column":8}}]},"2":{"line":27,"type":"if","locations":[{"start":{"line":27,"column":107},"end":{"line":27,"column":107}},{"start":{"line":27,"column":107},"end":{"line":27,"column":107}}]},"3":{"line":28,"type":"if","locations":[{"start":{"line":28,"column":8},"end":{"line":28,"column":8}},{"start":{"line":28,"column":8},"end":{"line":28,"column":8}}]},"4":{"line":35,"type":"if","locations":[{"start":{"line":35,"column":8},"end":{"line":35,"column":8}},{"start":{"line":35,"column":8},"end":{"line":35,"column":8}}]},"5":{"line":45,"type":"if","locations":[{"start":{"line":45,"column":15},"end":{"line":45,"column":15}},{"start":{"line":45,"column":15},"end":{"line":45,"column":15}}]},"6":{"line":46,"type":"if","locations":[{"start":{"line":46,"column":8},"end":{"line":46,"column":8}},{"start":{"line":46,"column":8},"end":{"line":46,"column":8}}]}}},"contracts/MultiAssetProxy.sol":{"l":{"27":3,"29":3,"30":3,"45":0,"56":2,"350":1},"path":"/Users/shahafan/Development/Marketplace/contracts/MultiAssetProxy.sol","s":{"1":3,"2":3,"3":0,"4":1},"b":{"1":[3,0],"2":[2,0]},"f":{"1":3,"2":0,"3":2,"4":1},"fnMap":{"1":{"name":"registerAssetProxy","line":24,"loc":{"start":{"line":21,"column":4},"end":{"line":34,"column":4}}},"2":{"name":"getAssetProxy","line":39,"loc":{"start":{"line":39,"column":4},"end":{"line":46,"column":4}}},"3":{"name":null,"line":51,"loc":{"start":{"line":49,"column":4},"end":{"line":341,"column":4}}},"4":{"name":"getProxyId","line":345,"loc":{"start":{"line":345,"column":4},"end":{"line":351,"column":4}}}},"statementMap":{"1":{"start":{"line":27,"column":8},"end":{"line":27,"column":66}},"2":{"start":{"line":30,"column":8},"end":{"line":30,"column":1017}},"3":{"start":{"line":45,"column":8},"end":{"line":45,"column":42}},"4":{"start":{"line":350,"column":8},"end":{"line":350,"column":23}}},"branchMap":{"1":{"line":24,"type":"if","locations":[{"start":{"line":24,"column":8},"end":{"line":24,"column":8}},{"start":{"line":24,"column":8},"end":{"line":24,"column":8}}]},"2":{"line":51,"type":"if","locations":[{"start":{"line":51,"column":8},"end":{"line":51,"column":8}},{"start":{"line":51,"column":8},"end":{"line":51,"column":8}}]}}},"contracts/ProtocolFees.sol":{"l":{"30":1,"31":1,"41":1,"42":1,"52":1,"53":1},"path":"/Users/shahafan/Development/Marketplace/contracts/ProtocolFees.sol","s":{"1":1,"2":1,"3":1},"b":{"1":[1,0],"2":[1,0],"3":[1,0]},"f":{"1":1,"2":1,"3":1},"fnMap":{"1":{"name":"setProtocolFeeMultiplier","line":28,"loc":{"start":{"line":25,"column":4},"end":{"line":32,"column":4}}},"2":{"name":"setProtocolFixedFee","line":39,"loc":{"start":{"line":36,"column":4},"end":{"line":43,"column":4}}},"3":{"name":"setProtocolFeeCollectorAddress","line":50,"loc":{"start":{"line":47,"column":4},"end":{"line":54,"column":4}}}},"statementMap":{"1":{"start":{"line":30,"column":8},"end":{"line":30,"column":87}},"2":{"start":{"line":41,"column":8},"end":{"line":41,"column":72}},"3":{"start":{"line":52,"column":8},"end":{"line":52,"column":91}}},"branchMap":{"1":{"line":28,"type":"if","locations":[{"start":{"line":28,"column":8},"end":{"line":28,"column":8}},{"start":{"line":28,"column":8},"end":{"line":28,"column":8}}]},"2":{"line":39,"type":"if","locations":[{"start":{"line":39,"column":8},"end":{"line":39,"column":8}},{"start":{"line":39,"column":8},"end":{"line":39,"column":8}}]},"3":{"line":50,"type":"if","locations":[{"start":{"line":50,"column":8},"end":{"line":50,"column":8}},{"start":{"line":50,"column":8},"end":{"line":50,"column":8}}]}}},"contracts/Refundable.sol":{"l":{"12":3,"17":17,"20":17,"22":17,"24":9,"28":9,"34":9,"35":9,"36":0},"path":"/Users/shahafan/Development/Marketplace/contracts/Refundable.sol","s":{"1":17,"2":9,"3":9,"4":9,"5":0},"b":{"1":[17,0],"2":[0,9]},"f":{"1":3,"2":17,"3":9},"fnMap":{"1":{"name":"constructor","line":11,"loc":{"start":{"line":11,"column":4},"end":{"line":13,"column":4}}},"2":{"name":"refundFinalBalanceNoReentry","line":15,"loc":{"start":{"line":15,"column":4},"end":{"line":29,"column":4}}},"3":{"name":"_refundNonZeroBalance","line":31,"loc":{"start":{"line":31,"column":4},"end":{"line":38,"column":4}}}},"statementMap":{"1":{"start":{"line":17,"column":8},"end":{"line":17,"column":70}},"2":{"start":{"line":24,"column":8},"end":{"line":24,"column":30}},"3":{"start":{"line":34,"column":8},"end":{"line":34,"column":47}},"4":{"start":{"line":35,"column":8},"end":{"line":35,"column":852}},"5":{"start":{"line":36,"column":12},"end":{"line":36,"column":48}}},"branchMap":{"1":{"line":17,"type":"if","locations":[{"start":{"line":17,"column":8},"end":{"line":17,"column":8}},{"start":{"line":17,"column":8},"end":{"line":17,"column":8}}]},"2":{"line":35,"type":"if","locations":[{"start":{"line":35,"column":8},"end":{"line":35,"column":8}},{"start":{"line":35,"column":8},"end":{"line":35,"column":8}}]}}},"contracts/SignatureValidator.sol":{"l":{"31":12,"36":12,"57":0,"58":0,"63":0,"81":9,"82":9,"87":9,"108":21,"109":0,"110":0,"112":0,"116":21,"117":0,"119":21,"120":21,"121":21,"122":21,"128":21,"132":0,"133":0,"135":0,"136":0,"137":0,"138":0,"147":0,"150":21,"162":21,"163":0,"165":21,"168":21,"169":0,"173":21,"174":0,"178":21,"179":0,"182":21},"path":"/Users/shahafan/Development/Marketplace/contracts/SignatureValidator.sol","s":{"1":12,"2":12,"3":0,"4":0,"5":9,"6":9,"7":9,"8":21,"9":0,"10":0,"11":21,"12":21,"13":0,"14":21,"15":21,"16":21,"17":21,"18":0,"19":0,"20":0,"21":0,"22":0,"23":0,"24":0,"25":21,"26":21,"27":0,"28":21,"29":0,"30":21,"31":0,"32":21,"33":0,"34":21},"b":{"1":[0,21],"2":[0,0],"3":[21,0],"4":[0,21],"5":[0,0],"6":[0,0],"7":[0,21],"8":[0,21],"9":[0,21],"10":[0,21]},"f":{"1":12,"2":0,"3":9,"4":21,"5":21},"fnMap":{"1":{"name":"isValidHashSignature","line":21,"loc":{"start":{"line":21,"column":4},"end":{"line":42,"column":4}}},"2":{"name":"isValidOrderSignature","line":48,"loc":{"start":{"line":48,"column":4},"end":{"line":64,"column":4}}},"3":{"name":"_isValidOrderWithHashSignature","line":72,"loc":{"start":{"line":72,"column":4},"end":{"line":93,"column":4}}},"4":{"name":"_validateHashSignatureTypes","line":97,"loc":{"start":{"line":97,"column":4},"end":{"line":151,"column":4}}},"5":{"name":"_readValidSignatureType","line":154,"loc":{"start":{"line":154,"column":4},"end":{"line":183,"column":4}}}},"statementMap":{"1":{"start":{"line":31,"column":8},"end":{"line":31,"column":899}},"2":{"start":{"line":36,"column":8},"end":{"line":36,"column":1023}},"3":{"start":{"line":57,"column":8},"end":{"line":57,"column":63}},"4":{"start":{"line":63,"column":8},"end":{"line":63,"column":22}},"5":{"start":{"line":81,"column":8},"end":{"line":81,"column":50}},"6":{"start":{"line":82,"column":8},"end":{"line":82,"column":2465}},"7":{"start":{"line":87,"column":8},"end":{"line":87,"column":2597}},"8":{"start":{"line":108,"column":8},"end":{"line":108,"column":3107}},"9":{"start":{"line":109,"column":12},"end":{"line":109,"column":3169}},"10":{"start":{"line":110,"column":16},"end":{"line":110,"column":50}},"11":{"start":{"line":115,"column":15},"end":{"line":115,"column":3340}},"12":{"start":{"line":116,"column":12},"end":{"line":116,"column":3401}},"13":{"start":{"line":117,"column":16},"end":{"line":117,"column":50}},"14":{"start":{"line":119,"column":12},"end":{"line":119,"column":41}},"15":{"start":{"line":120,"column":12},"end":{"line":120,"column":48}},"16":{"start":{"line":121,"column":12},"end":{"line":121,"column":49}},"17":{"start":{"line":122,"column":12},"end":{"line":122,"column":3655}},"18":{"start":{"line":131,"column":15},"end":{"line":131,"column":3878}},"19":{"start":{"line":132,"column":12},"end":{"line":132,"column":3940}},"20":{"start":{"line":133,"column":16},"end":{"line":133,"column":50}},"21":{"start":{"line":135,"column":12},"end":{"line":135,"column":41}},"22":{"start":{"line":136,"column":12},"end":{"line":136,"column":48}},"23":{"start":{"line":137,"column":12},"end":{"line":137,"column":49}},"24":{"start":{"line":138,"column":12},"end":{"line":138,"column":4194}},"25":{"start":{"line":150,"column":8},"end":{"line":150,"column":22}},"26":{"start":{"line":162,"column":8},"end":{"line":162,"column":4808}},"27":{"start":{"line":163,"column":12},"end":{"line":163,"column":46}},"28":{"start":{"line":168,"column":8},"end":{"line":168,"column":5062}},"29":{"start":{"line":169,"column":12},"end":{"line":169,"column":60}},"30":{"start":{"line":173,"column":8},"end":{"line":173,"column":5220}},"31":{"start":{"line":174,"column":12},"end":{"line":174,"column":55}},"32":{"start":{"line":178,"column":8},"end":{"line":178,"column":5395}},"33":{"start":{"line":179,"column":12},"end":{"line":179,"column":49}},"34":{"start":{"line":182,"column":8},"end":{"line":182,"column":28}}},"branchMap":{"1":{"line":108,"type":"if","locations":[{"start":{"line":108,"column":8},"end":{"line":108,"column":8}},{"start":{"line":108,"column":8},"end":{"line":108,"column":8}}]},"2":{"line":109,"type":"if","locations":[{"start":{"line":109,"column":12},"end":{"line":109,"column":12}},{"start":{"line":109,"column":12},"end":{"line":109,"column":12}}]},"3":{"line":115,"type":"if","locations":[{"start":{"line":115,"column":15},"end":{"line":115,"column":15}},{"start":{"line":115,"column":15},"end":{"line":115,"column":15}}]},"4":{"line":116,"type":"if","locations":[{"start":{"line":116,"column":12},"end":{"line":116,"column":12}},{"start":{"line":116,"column":12},"end":{"line":116,"column":12}}]},"5":{"line":131,"type":"if","locations":[{"start":{"line":131,"column":15},"end":{"line":131,"column":15}},{"start":{"line":131,"column":15},"end":{"line":131,"column":15}}]},"6":{"line":132,"type":"if","locations":[{"start":{"line":132,"column":12},"end":{"line":132,"column":12}},{"start":{"line":132,"column":12},"end":{"line":132,"column":12}}]},"7":{"line":162,"type":"if","locations":[{"start":{"line":162,"column":8},"end":{"line":162,"column":8}},{"start":{"line":162,"column":8},"end":{"line":162,"column":8}}]},"8":{"line":168,"type":"if","locations":[{"start":{"line":168,"column":8},"end":{"line":168,"column":8}},{"start":{"line":168,"column":8},"end":{"line":168,"column":8}}]},"9":{"line":173,"type":"if","locations":[{"start":{"line":173,"column":8},"end":{"line":173,"column":8}},{"start":{"line":173,"column":8},"end":{"line":173,"column":8}}]},"10":{"line":178,"type":"if","locations":[{"start":{"line":178,"column":8},"end":{"line":178,"column":8}},{"start":{"line":178,"column":8},"end":{"line":178,"column":8}}]}}}}